"D:/Project/UnrealEngine/Arcanoid 4.27/Content/FX/Material/BlockMaterial/BlockMaterial_3.uasset" 0
"D:/Project/UnrealEngine/Arcanoid 4.27/Content/FX/Material/BlockMaterial/BlockMaterial_3.uexp" 1
"D:/Project/UnrealEngine/Arcanoid 4.27/Content/Blueprint/Player/SM_Player.uasset" 2
"D:/Project/UnrealEngine/Arcanoid 4.27/Content/Blueprint/Player/SM_Player.uexp" 3
"D:/Project/UnrealEngine/Arcanoid 4.27/Content/Widget/Image/sci-fi-buttons-preview-3.uasset" 4
"D:/Project/UnrealEngine/Arcanoid 4.27/Content/Widget/Image/sci-fi-buttons-preview-3.uexp" 5
"D:/Project/UnrealEngine/Arcanoid 4.27/Content/FX/Material/BonusMaterial/ScalePosMaterial.uasset" 6
"D:/Project/UnrealEngine/Arcanoid 4.27/Content/FX/Material/BonusMaterial/ScalePosMaterial.uexp" 7
"../../../Engine/Content/EngineMaterials/T_Default_Material_Grid_N.uasset" 8
"../../../Engine/Content/EngineMaterials/T_Default_Material_Grid_N.uexp" 9
"../../../Engine/Content/EngineMaterials/T_Default_Material_Grid_N.ubulk" 10
"../../../Engine/Content/EngineMaterials/T_Default_Material_Grid_M.uasset" 11
"../../../Engine/Content/EngineMaterials/T_Default_Material_Grid_M.uexp" 12
"../../../Engine/Content/EngineMaterials/T_Default_Material_Grid_M.ubulk" 13
"../../../Engine/Content/Functions/Engine_MaterialFunctions01/Opacity/CameraDepthFade.uasset" 14
"../../../Engine/Content/Functions/Engine_MaterialFunctions01/Opacity/CameraDepthFade.uexp" 15
"../../../Engine/Content/EngineMaterials/WorldGridMaterial.uasset" 16
"../../../Engine/Content/EngineMaterials/WorldGridMaterial.uexp" 17
"../../../Engine/Content/ArtTools/RenderToTexture/Meshes/S_1_Unit_Plane.uasset" 18
"../../../Engine/Content/ArtTools/RenderToTexture/Meshes/S_1_Unit_Plane.uexp" 19
"../../../Engine/Content/EngineMaterials/DefaultMaterial.uasset" 20
"../../../Engine/Content/EngineMaterials/DefaultMaterial.uexp" 21
"../../../Engine/Content/BasicShapes/Cone.uasset" 22
"../../../Engine/Content/BasicShapes/Cone.uexp" 23
"../../../Engine/Content/BasicShapes/Plane.uasset" 24
"../../../Engine/Content/BasicShapes/Plane.uexp" 25
"../../../Engine/Content/EditorLandscapeResources/DataLayer.uasset" 26
"../../../Engine/Content/EditorLandscapeResources/DataLayer.uexp" 27
"../../../Engine/Content/EditorLandscapeResources/DefaultAlphaTexture.uasset" 28
"../../../Engine/Content/EditorLandscapeResources/DefaultAlphaTexture.uexp" 29
"../../../Engine/Content/EditorMaterials/MAT_Groups_Toggle.uasset" 30
"../../../Engine/Content/EditorMaterials/MAT_Groups_Toggle.uexp" 31
"../../../Engine/Content/EditorMaterials/MAT_Groups_Visibility.uasset" 32
"../../../Engine/Content/EditorMaterials/MAT_Groups_Visibility.uexp" 33
"../../../Engine/Content/EditorMaterials/PreviewShadowIndicator.uasset" 34
"../../../Engine/Content/EditorMaterials/PreviewShadowIndicator.uexp" 35
"../../../Engine/Content/EditorMaterials/PreviewShadowIndicator.ubulk" 36
"../../../Engine/Content/EditorMaterials/PreviewShadowIndicatorMaterial.uasset" 37
"../../../Engine/Content/EditorMaterials/PreviewShadowIndicatorMaterial.uexp" 38
"../../../Engine/Content/EditorMaterials/MatineeGroups/MAT_ColorTrack.uasset" 39
"../../../Engine/Content/EditorMaterials/MatineeGroups/MAT_ColorTrack.uexp" 40
"../../../Engine/Content/EditorMaterials/MatineeGroups/MAT_Groups_Anim.uasset" 41
"../../../Engine/Content/EditorMaterials/MatineeGroups/MAT_Groups_Anim.uexp" 42
"../../../Engine/Content/EditorMaterials/MatineeGroups/MAT_Groups_AudioMaster.uasset" 43
"../../../Engine/Content/EditorMaterials/MatineeGroups/MAT_Groups_AudioMaster.uexp" 44
"../../../Engine/Content/EditorMaterials/MatineeGroups/MAT_Groups_Director.uasset" 45
"../../../Engine/Content/EditorMaterials/MatineeGroups/MAT_Groups_Director.uexp" 46
"../../../Engine/Content/EditorMaterials/MatineeGroups/MAT_Groups_Event.uasset" 47
"../../../Engine/Content/EditorMaterials/MatineeGroups/MAT_Groups_Event.uexp" 48
"../../../Engine/Content/EditorMaterials/MatineeGroups/MAT_Groups_Fade.uasset" 49
"../../../Engine/Content/EditorMaterials/MatineeGroups/MAT_Groups_Fade.uexp" 50
"../../../Engine/Content/EditorMaterials/MatineeGroups/MAT_Groups_Float.uasset" 51
"../../../Engine/Content/EditorMaterials/MatineeGroups/MAT_Groups_Float.uexp" 52
"../../../Engine/Content/EditorMaterials/MatineeGroups/MAT_Groups_Move.uasset" 53
"../../../Engine/Content/EditorMaterials/MatineeGroups/MAT_Groups_Move.uexp" 54
"../../../Engine/Content/EditorMaterials/MatineeGroups/MAT_Groups_Slomo.uasset" 55
"../../../Engine/Content/EditorMaterials/MatineeGroups/MAT_Groups_Slomo.uexp" 56
"../../../Engine/Content/EditorMaterials/MatineeGroups/MAT_Groups_Sound.uasset" 57
"../../../Engine/Content/EditorMaterials/MatineeGroups/MAT_Groups_Sound.uexp" 58
"../../../Engine/Content/EditorMaterials/MatineeGroups/MAT_Groups_Vector.uasset" 59
"../../../Engine/Content/EditorMaterials/MatineeGroups/MAT_Groups_Vector.uexp" 60
"../../../Engine/Content/EditorMaterials/ParticleSystems/PSysThumbnail_NoImage.uasset" 61
"../../../Engine/Content/EditorMaterials/ParticleSystems/PSysThumbnail_NoImage.uexp" 62
"../../../Engine/Content/EditorMaterials/ParticleSystems/PSysThumbnail_NoImage.ubulk" 63
"../../../Engine/Content/EditorMaterials/ParticleSystems/PSysThumbnail_OOD.uasset" 64
"../../../Engine/Content/EditorMaterials/ParticleSystems/PSysThumbnail_OOD.uexp" 65
"../../../Engine/Content/EditorMaterials/ParticleSystems/PSysThumbnail_OOD.ubulk" 66
"../../../Engine/Content/EditorMaterials/Camera/CineMat.uasset" 67
"../../../Engine/Content/EditorMaterials/Camera/CineMat.uexp" 68
"../../../Engine/Content/EditorMaterials/Camera/MI_CineMat_Rig.uasset" 69
"../../../Engine/Content/EditorMaterials/Camera/MI_CineMat_Rig.uexp" 70
"../../../Engine/Content/EditorMeshes/Camera/SM_CraneRig_Arm.uasset" 71
"../../../Engine/Content/EditorMeshes/Camera/SM_CraneRig_Arm.uexp" 72
"../../../Engine/Content/EditorMeshes/Camera/SM_CraneRig_Base.uasset" 73
"../../../Engine/Content/EditorMeshes/Camera/SM_CraneRig_Base.uexp" 74
"../../../Engine/Content/EditorMeshes/Camera/SM_CraneRig_Body.uasset" 75
"../../../Engine/Content/EditorMeshes/Camera/SM_CraneRig_Body.uexp" 76
"../../../Engine/Content/EditorMeshes/Camera/SM_CraneRig_Mount.uasset" 77
"../../../Engine/Content/EditorMeshes/Camera/SM_CraneRig_Mount.uexp" 78
"../../../Engine/Content/EditorMeshes/Camera/SM_RailRig_Mount.uasset" 79
"../../../Engine/Content/EditorMeshes/Camera/SM_RailRig_Mount.uexp" 80
"../../../Engine/Content/EditorMeshes/Camera/SM_RailRig_Track.uasset" 81
"../../../Engine/Content/EditorMeshes/Camera/SM_RailRig_Track.uexp" 82
"../../../Engine/Content/EditorResources/BSPVertex.uasset" 83
"../../../Engine/Content/EditorResources/BSPVertex.uexp" 84
"../../../Engine/Content/EditorResources/EmptyActor.uasset" 85
"../../../Engine/Content/EditorResources/EmptyActor.uexp" 86
"../../../Engine/Content/EditorResources/S_Actor.uasset" 87
"../../../Engine/Content/EditorResources/S_Actor.uexp" 88
"../../../Engine/Content/EditorResources/S_Actor.ubulk" 89
"../../../Engine/Content/EditorResources/S_Note.uasset" 90
"../../../Engine/Content/EditorResources/S_Note.uexp" 91
"../../../Engine/Content/EditorResources/S_Note.ubulk" 92
"../../../Engine/Content/EditorResources/S_Solver.uasset" 93
"../../../Engine/Content/EditorResources/S_Solver.uexp" 94
"../../../Engine/Content/EditorResources/S_Solver.ubulk" 95
"../../../Engine/Content/EditorResources/S_Terrain.uasset" 96
"../../../Engine/Content/EditorResources/S_Terrain.uexp" 97
"../../../Engine/Content/EditorResources/S_Terrain.ubulk" 98
"../../../Engine/Content/EditorResources/S_Trigger.uasset" 99
"../../../Engine/Content/EditorResources/S_Trigger.uexp" 100
"../../../Engine/Content/EditorResources/S_Trigger.ubulk" 101
"../../../Engine/Content/EditorResources/AudioIcons/S_AudioComponent_AutoActivate.uasset" 102
"../../../Engine/Content/EditorResources/AudioIcons/S_AudioComponent_AutoActivate.uexp" 103
"../../../Engine/Content/EditorResources/AudioIcons/S_AudioComponent_AutoActivate.ubulk" 104
"../../../Engine/Content/EditorResources/SequenceRecorder/Countdown.uasset" 105
"../../../Engine/Content/EditorResources/SequenceRecorder/Countdown.uexp" 106
"../../../Engine/Content/EditorResources/SequenceRecorder/RecordingIndicator.uasset" 107
"../../../Engine/Content/EditorResources/SequenceRecorder/RecordingIndicator.uexp" 108
"../../../Engine/Content/EngineDamageTypes/DmgTypeBP_Environmental.uasset" 109
"../../../Engine/Content/EngineDamageTypes/DmgTypeBP_Environmental.uexp" 110
"../../../Engine/Content/EngineDebugMaterials/DebugEditorMaterial.uasset" 111
"../../../Engine/Content/EngineDebugMaterials/DebugEditorMaterial.uexp" 112
"../../../Engine/Content/EngineDebugMaterials/DebugMeshMaterial.uasset" 113
"../../../Engine/Content/EngineDebugMaterials/DebugMeshMaterial.uexp" 114
"../../../Engine/Content/EngineDebugMaterials/M_SimpleUnlitTranslucent.uasset" 115
"../../../Engine/Content/EngineDebugMaterials/M_SimpleUnlitTranslucent.uexp" 116
"../../../Engine/Content/EngineDebugMaterials/VolumeToRender.uasset" 117
"../../../Engine/Content/EngineDebugMaterials/VolumeToRender.uexp" 118
"../../../Engine/Content/Functions/Engine_MaterialFunctions02/Utility/CameraDirectionVector.uasset" 119
"../../../Engine/Content/Functions/Engine_MaterialFunctions02/Utility/CameraDirectionVector.uexp" 120
"../../../Engine/Content/EngineDebugMaterials/M_VolumeRenderSphereTracePP.uasset" 121
"../../../Engine/Content/EngineDebugMaterials/M_VolumeRenderSphereTracePP.uexp" 122
"../../../Engine/Content/Functions/Engine_MaterialFunctions01/Shading/ConvertFromDiffSpec.uasset" 123
"../../../Engine/Content/Functions/Engine_MaterialFunctions01/Shading/ConvertFromDiffSpec.uexp" 124
"../../../Engine/Content/EngineDebugMaterials/VertexColorMaterial.uasset" 125
"../../../Engine/Content/EngineDebugMaterials/VertexColorMaterial.uexp" 126
"../../../Engine/Content/EngineDebugMaterials/WireframeMaterial.uasset" 127
"../../../Engine/Content/EngineDebugMaterials/WireframeMaterial.uexp" 128
"../../../Engine/Content/EngineFonts/Faces/RobotoRegular.uasset" 129
"../../../Engine/Content/EngineFonts/Faces/RobotoRegular.uexp" 130
"../../../Engine/Content/EngineFonts/Faces/RobotoRegular.ufont" 131
"../../../Engine/Content/EngineFonts/Faces/RobotoLight.uasset" 132
"../../../Engine/Content/EngineFonts/Faces/RobotoLight.uexp" 133
"../../../Engine/Content/EngineFonts/Faces/RobotoLight.ufont" 134
"../../../Engine/Content/EngineFonts/Faces/RobotoItalic.uasset" 135
"../../../Engine/Content/EngineFonts/Faces/RobotoItalic.uexp" 136
"../../../Engine/Content/EngineFonts/Faces/RobotoItalic.ufont" 137
"../../../Engine/Content/EngineFonts/Faces/RobotoBoldItalic.uasset" 138
"../../../Engine/Content/EngineFonts/Faces/RobotoBoldItalic.uexp" 139
"../../../Engine/Content/EngineFonts/Faces/RobotoBoldItalic.ufont" 140
"../../../Engine/Content/EngineFonts/Faces/RobotoBold.uasset" 141
"../../../Engine/Content/EngineFonts/Faces/RobotoBold.uexp" 142
"../../../Engine/Content/EngineFonts/Faces/RobotoBold.ufont" 143
"../../../Engine/Content/EngineFonts/Faces/DroidSansFallback.uasset" 144
"../../../Engine/Content/EngineFonts/Faces/DroidSansFallback.uexp" 145
"../../../Engine/Content/EngineFonts/Faces/DroidSansFallback.ufont" 146
"../../../Engine/Content/EngineFonts/Roboto.uasset" 147
"../../../Engine/Content/EngineFonts/Roboto.uexp" 148
"../../../Engine/Content/EngineMaterials/BaseFlattenNormalMap.uasset" 149
"../../../Engine/Content/EngineMaterials/BaseFlattenNormalMap.uexp" 150
"../../../Engine/Content/EngineMaterials/BaseFlattenGrayscaleMap.uasset" 151
"../../../Engine/Content/EngineMaterials/BaseFlattenGrayscaleMap.uexp" 152
"../../../Engine/Content/EngineMaterials/BaseFlattenEmissiveMap.uasset" 153
"../../../Engine/Content/EngineMaterials/BaseFlattenEmissiveMap.uexp" 154
"../../../Engine/Content/EngineMaterials/BaseFlattenDiffuseMap.uasset" 155
"../../../Engine/Content/EngineMaterials/BaseFlattenDiffuseMap.uexp" 156
"../../../Engine/Content/EngineMaterials/BaseFlattenMaterial.uasset" 157
"../../../Engine/Content/EngineMaterials/BaseFlattenMaterial.uexp" 158
"../../../Engine/Content/EngineMaterials/BlueNoise.uasset" 159
"../../../Engine/Content/EngineMaterials/BlueNoise.uexp" 160
"../../../Engine/Content/EngineMaterials/DefaultBloomKernel.uasset" 161
"../../../Engine/Content/EngineMaterials/DefaultBloomKernel.uexp" 162
"../../../Engine/Content/EngineMaterials/DefaultBokeh.uasset" 163
"../../../Engine/Content/EngineMaterials/DefaultBokeh.uexp" 164
"../../../Engine/Content/EngineMaterials/DefaultDiffuse.uasset" 165
"../../../Engine/Content/EngineMaterials/DefaultDiffuse.uexp" 166
"../../../Engine/Content/EngineMaterials/DefaultDiffuse.ubulk" 167
"../../../Engine/Content/EngineMaterials/DefaultDeferredDecalMaterial.uasset" 168
"../../../Engine/Content/EngineMaterials/DefaultDeferredDecalMaterial.uexp" 169
"../../../Engine/Content/EngineMaterials/DefaultLightFunctionMaterial.uasset" 170
"../../../Engine/Content/EngineMaterials/DefaultLightFunctionMaterial.uexp" 171
"../../../Engine/Content/EngineMaterials/DefaultPhysicalMaterial.uasset" 172
"../../../Engine/Content/EngineMaterials/DefaultPhysicalMaterial.uexp" 173
"../../../Engine/Content/Functions/Engine_MaterialFunctions02/Utility/BreakOutFloat2Components.uasset" 174
"../../../Engine/Content/Functions/Engine_MaterialFunctions02/Utility/BreakOutFloat2Components.uexp" 175
"../../../Engine/Content/EngineMaterials/DefaultPostProcessMaterial.uasset" 176
"../../../Engine/Content/EngineMaterials/DefaultPostProcessMaterial.uexp" 177
"../../../Engine/Content/EngineFonts/RobotoDistanceField.uasset" 178
"../../../Engine/Content/EngineFonts/RobotoDistanceField.uexp" 179
"../../../Engine/Content/EngineMaterials/DefaultTextMaterialOpaque.uasset" 180
"../../../Engine/Content/EngineMaterials/DefaultTextMaterialOpaque.uexp" 181
"../../../Engine/Content/EngineMaterials/DefaultWhiteGrid.uasset" 182
"../../../Engine/Content/EngineMaterials/DefaultWhiteGrid.uexp" 183
"../../../Engine/Content/EngineMaterials/DefaultWhiteGrid.ubulk" 184
"../../../Engine/Content/EngineMaterials/DefaultWhiteGrid_Low.uasset" 185
"../../../Engine/Content/EngineMaterials/DefaultWhiteGrid_Low.uexp" 186
"../../../Engine/Content/EngineMaterials/EmissiveMeshMaterial.uasset" 187
"../../../Engine/Content/EngineMaterials/EmissiveMeshMaterial.uexp" 188
"../../../Engine/Content/EngineMaterials/GizmoMaterial.uasset" 189
"../../../Engine/Content/EngineMaterials/GizmoMaterial.uexp" 190
"../../../Engine/Content/EngineMaterials/Good64x64TilingNoiseHighFreq.uasset" 191
"../../../Engine/Content/EngineMaterials/Good64x64TilingNoiseHighFreq.uexp" 192
"../../../Engine/Content/EngineMaterials/MiniFont.uasset" 193
"../../../Engine/Content/EngineMaterials/MiniFont.uexp" 194
"../../../Engine/Content/EngineMaterials/InvalidLightmapSettings.uasset" 195
"../../../Engine/Content/EngineMaterials/InvalidLightmapSettings.uexp" 196
"../../../Engine/Content/EngineMaterials/InvalidLightmapSettings.ubulk" 197
"../../../Engine/Content/EngineMaterials/M_InvalidLightmapSettings.uasset" 198
"../../../Engine/Content/EngineMaterials/M_InvalidLightmapSettings.uexp" 199
"../../../Engine/Content/Functions/Engine_MaterialFunctions02/WorldPositionOffset/CameraOffset.uasset" 200
"../../../Engine/Content/Functions/Engine_MaterialFunctions02/WorldPositionOffset/CameraOffset.uexp" 201
"../../../Engine/Content/EngineMaterials/PhAT_JointLimitMaterial.uasset" 202
"../../../Engine/Content/EngineMaterials/PhAT_JointLimitMaterial.uexp" 203
"../../../Engine/Content/EngineMaterials/DefaultCalibrationColor.uasset" 204
"../../../Engine/Content/EngineMaterials/DefaultCalibrationColor.uexp" 205
"../../../Engine/Content/EngineMaterials/PPM_DefaultCalibrationColor.uasset" 206
"../../../Engine/Content/EngineMaterials/PPM_DefaultCalibrationColor.uexp" 207
"../../../Engine/Content/EngineMaterials/DefaultCalibrationGrayscale.uasset" 208
"../../../Engine/Content/EngineMaterials/DefaultCalibrationGrayscale.uexp" 209
"../../../Engine/Content/EngineMaterials/PPM_DefaultCalibrationGrayscale.uasset" 210
"../../../Engine/Content/EngineMaterials/PPM_DefaultCalibrationGrayscale.uexp" 211
"../../../Engine/Content/EngineMaterials/PreintegratedSkinBRDF.uasset" 212
"../../../Engine/Content/EngineMaterials/PreintegratedSkinBRDF.uexp" 213
"../../../Engine/Content/EngineMaterials/RemoveSurfaceMaterial.uasset" 214
"../../../Engine/Content/EngineMaterials/RemoveSurfaceMaterial.uexp" 215
"../../../Engine/Content/EngineMaterials/WeightMapPlaceholderTexture.uasset" 216
"../../../Engine/Content/EngineMaterials/WeightMapPlaceholderTexture.uexp" 217
"../../../Engine/Content/EngineResources/WhiteSquareTexture.uasset" 218
"../../../Engine/Content/EngineResources/WhiteSquareTexture.uexp" 219
"../../../Engine/Content/EngineMaterials/Widget3DPassThrough.uasset" 220
"../../../Engine/Content/EngineMaterials/Widget3DPassThrough.uexp" 221
"../../../Engine/Content/EngineMaterials/Widget3DPassThrough_Masked.uasset" 222
"../../../Engine/Content/EngineMaterials/Widget3DPassThrough_Masked.uexp" 223
"../../../Engine/Content/EngineMaterials/Widget3DPassThrough_Opaque.uasset" 224
"../../../Engine/Content/EngineMaterials/Widget3DPassThrough_Opaque.uexp" 225
"../../../Engine/Content/EngineMaterials/Widget3DPassThrough_Masked_OneSided.uasset" 226
"../../../Engine/Content/EngineMaterials/Widget3DPassThrough_Masked_OneSided.uexp" 227
"../../../Engine/Content/EngineMaterials/Widget3DPassThrough_Opaque_OneSided.uasset" 228
"../../../Engine/Content/EngineMaterials/Widget3DPassThrough_Opaque_OneSided.uexp" 229
"../../../Engine/Content/EngineMaterials/Widget3DPassThrough_Translucent.uasset" 230
"../../../Engine/Content/EngineMaterials/Widget3DPassThrough_Translucent.uexp" 231
"../../../Engine/Content/EngineMaterials/Widget3DPassThrough_Translucent_OneSided.uasset" 232
"../../../Engine/Content/EngineMaterials/Widget3DPassThrough_Translucent_OneSided.uexp" 233
"../../../Engine/Content/EngineMeshes/Cylinder.uasset" 234
"../../../Engine/Content/EngineMeshes/Cylinder.uexp" 235
"../../../Engine/Content/EngineResources/DefaultTexture.uasset" 236
"../../../Engine/Content/EngineResources/DefaultTexture.uexp" 237
"../../../Engine/Content/EngineResources/DefaultTexture.ubulk" 238
"../../../Engine/Content/EngineResources/DefaultTextureCube.uasset" 239
"../../../Engine/Content/EngineResources/DefaultTextureCube.uexp" 240
"../../../Engine/Content/EngineResources/DefaultVolumeTexture2D.uasset" 241
"../../../Engine/Content/EngineResources/DefaultVolumeTexture2D.uexp" 242
"../../../Engine/Content/EngineResources/DefaultVolumeTexture.uasset" 243
"../../../Engine/Content/EngineResources/DefaultVolumeTexture.uexp" 244
"../../../Engine/Content/EngineResources/GradientTexture0.uasset" 245
"../../../Engine/Content/EngineResources/GradientTexture0.uexp" 246
"../../../Engine/Content/EngineSky/VolumetricClouds/T_NoiseShape64.uasset" 247
"../../../Engine/Content/EngineSky/VolumetricClouds/T_NoiseShape64.uexp" 248
"../../../Engine/Content/EngineSky/VolumetricClouds/T_NoiseShape64.ubulk" 249
"../../../Engine/Content/EngineSky/VolumetricClouds/T_VolumeNoiseShape64.uasset" 250
"../../../Engine/Content/EngineSky/VolumetricClouds/T_VolumeNoiseShape64.uexp" 251
"../../../Engine/Content/EngineSky/VolumetricClouds/T_NoiseErosion.uasset" 252
"../../../Engine/Content/EngineSky/VolumetricClouds/T_NoiseErosion.uexp" 253
"../../../Engine/Content/EngineSky/VolumetricClouds/T_NoiseErosion.ubulk" 254
"../../../Engine/Content/EngineSky/VolumetricClouds/T_VolumeNoiseErosion32.uasset" 255
"../../../Engine/Content/EngineSky/VolumetricClouds/T_VolumeNoiseErosion32.uexp" 256
"../../../Engine/Content/EngineSky/VolumetricClouds/CloudWeatherTexture.uasset" 257
"../../../Engine/Content/EngineSky/VolumetricClouds/CloudWeatherTexture.uexp" 258
"../../../Engine/Content/EngineSky/VolumetricClouds/CloudGradientTexture.uasset" 259
"../../../Engine/Content/EngineSky/VolumetricClouds/CloudGradientTexture.uexp" 260
"../../../Engine/Content/Functions/Engine_MaterialFunctions02/Utility/MakeFloat2.uasset" 261
"../../../Engine/Content/Functions/Engine_MaterialFunctions02/Utility/MakeFloat2.uexp" 262
"../../../Engine/Content/EngineSky/VolumetricClouds/m_SimpleVolumetricCloud.uasset" 263
"../../../Engine/Content/EngineSky/VolumetricClouds/m_SimpleVolumetricCloud.uexp" 264
"../../../Engine/Content/EngineSky/VolumetricClouds/m_SimpleVolumetricCloud_Inst.uasset" 265
"../../../Engine/Content/EngineSky/VolumetricClouds/m_SimpleVolumetricCloud_Inst.uexp" 266
"../../../Engine/Content/EngineSounds/Master.uasset" 267
"../../../Engine/Content/EngineSounds/Master.uexp" 268
"../../../Engine/Content/Functions/Engine_MaterialFunctions01/Shading/PowerToRoughness.uasset" 269
"../../../Engine/Content/Functions/Engine_MaterialFunctions01/Shading/PowerToRoughness.uexp" 270
"../../../Engine/Content/Maps/Templates/Thumbnails/Default.uasset" 271
"../../../Engine/Content/Maps/Templates/Thumbnails/Default.uexp" 272
"../../../Engine/Content/Maps/Templates/Thumbnails/TimeOfDay.uasset" 273
"../../../Engine/Content/Maps/Templates/Thumbnails/TimeOfDay.uexp" 274
"../../../Engine/Content/Maps/Templates/Thumbnails/VR-Basic.uasset" 275
"../../../Engine/Content/Maps/Templates/Thumbnails/VR-Basic.uexp" 276
"../../../Engine/Content/MobileResources/T_MobileControls_texture.uasset" 277
"../../../Engine/Content/MobileResources/T_MobileControls_texture.uexp" 278
"../../../Engine/Content/MobileResources/T_MobileMenu2.uasset" 279
"../../../Engine/Content/MobileResources/T_MobileMenu2.uexp" 280
"../../../Engine/Content/MobileResources/HUD/AnalogHat.uasset" 281
"../../../Engine/Content/MobileResources/HUD/AnalogHat.uexp" 282
"../../../Engine/Content/MobileResources/HUD/VirtualJoystick_Thumb.uasset" 283
"../../../Engine/Content/MobileResources/HUD/VirtualJoystick_Thumb.uexp" 284
"../../../Engine/Content/MobileResources/HUD/VirtualJoystick_Background.uasset" 285
"../../../Engine/Content/MobileResources/HUD/VirtualJoystick_Background.uexp" 286
"../../../Engine/Content/MobileResources/HUD/DefaultVirtualJoysticks.uasset" 287
"../../../Engine/Content/MobileResources/HUD/DefaultVirtualJoysticks.uexp" 288
"../../../Engine/Content/MobileResources/HUD/LeftVirtualJoystickOnly.uasset" 289
"../../../Engine/Content/MobileResources/HUD/LeftVirtualJoystickOnly.uexp" 290
"../../../Engine/Content/MobileResources/HUD/MobileHUDButton1_off.uasset" 291
"../../../Engine/Content/MobileResources/HUD/MobileHUDButton1_off.uexp" 292
"../../../Engine/Content/MobileResources/HUD/MobileHUDButton1_on.uasset" 293
"../../../Engine/Content/MobileResources/HUD/MobileHUDButton1_on.uexp" 294
"../../../Engine/Content/MobileResources/HUD/MobileHUDButton2_off.uasset" 295
"../../../Engine/Content/MobileResources/HUD/MobileHUDButton2_off.uexp" 296
"../../../Engine/Content/MobileResources/HUD/MobileHUDButton2_on.uasset" 297
"../../../Engine/Content/MobileResources/HUD/MobileHUDButton2_on.uexp" 298
"../../../Engine/Content/MobileResources/HUD/MobileHUDButton3.uasset" 299
"../../../Engine/Content/MobileResources/HUD/MobileHUDButton3.uexp" 300
"../../../Engine/Content/MobileResources/HUD/MobileHUDButtonFire.uasset" 301
"../../../Engine/Content/MobileResources/HUD/MobileHUDButtonFire.uexp" 302
"../../../Engine/Content/MobileResources/HUD/MobileHUDDirectionPad.uasset" 303
"../../../Engine/Content/MobileResources/HUD/MobileHUDDirectionPad.uexp" 304
"../../../Engine/Content/MobileResources/HUD/MobileHUDDirectionPad2.uasset" 305
"../../../Engine/Content/MobileResources/HUD/MobileHUDDirectionPad2.uexp" 306
"../../../Engine/Content/MobileResources/HUD/MobileHUDDirectionPad3.uasset" 307
"../../../Engine/Content/MobileResources/HUD/MobileHUDDirectionPad3.uexp" 308
"../../../Engine/Content/MobileResources/HUD/MobileHUDDirectionStick.uasset" 309
"../../../Engine/Content/MobileResources/HUD/MobileHUDDirectionStick.uexp" 310
"../../../Engine/Content/MobileResources/HUD/T_Castle_ThumbstickInner.uasset" 311
"../../../Engine/Content/MobileResources/HUD/T_Castle_ThumbstickInner.uexp" 312
"../../../Engine/Content/MobileResources/HUD/T_Castle_ThumbstickOutter.uasset" 313
"../../../Engine/Content/MobileResources/HUD/T_Castle_ThumbstickOutter.uexp" 314
"../../../Engine/Content/Tutorial/ContentIntroCurve.uasset" 315
"../../../Engine/Content/Tutorial/ContentIntroCurve.uexp" 316
"../../../Engine/Content/VREditor/TransformGizmo/TranslucentTransformGizmoMaterial.uasset" 317
"../../../Engine/Content/VREditor/TransformGizmo/TranslucentTransformGizmoMaterial.uexp" 318
"../../../Engine/Content/VREditor/LaserPointer/VR_LaserPower_01.uasset" 319
"../../../Engine/Content/VREditor/LaserPointer/VR_LaserPower_01.uexp" 320
"../../../Engine/Content/VREditor/LaserPointer/VR_LaserPower_01.ubulk" 321
"../../../Engine/Content/VREditor/TransformGizmo/TransformGizmoMaterial.uasset" 322
"../../../Engine/Content/VREditor/TransformGizmo/TransformGizmoMaterial.uexp" 323
"../../../Engine/Content/VREditor/TransformGizmo/BoundingBoxCorner.uasset" 324
"../../../Engine/Content/VREditor/TransformGizmo/BoundingBoxCorner.uexp" 325
"../../../Engine/Content/VREditor/TransformGizmo/BoundingBoxEdge.uasset" 326
"../../../Engine/Content/VREditor/TransformGizmo/BoundingBoxEdge.uexp" 327
"../../../Engine/Content/VREditor/TransformGizmo/PlaneTranslationHandle.uasset" 328
"../../../Engine/Content/VREditor/TransformGizmo/PlaneTranslationHandle.uexp" 329
"../../../Engine/Content/VREditor/TransformGizmo/Xray.uasset" 330
"../../../Engine/Content/VREditor/TransformGizmo/Xray.uexp" 331
"../../../Engine/Content/VREditor/TransformGizmo/Main.uasset" 332
"../../../Engine/Content/VREditor/TransformGizmo/Main.uexp" 333
"../../../Engine/Content/VREditor/TransformGizmo/SM_Sequencer_Key.uasset" 334
"../../../Engine/Content/VREditor/TransformGizmo/SM_Sequencer_Key.uexp" 335
"../../../Engine/Content/VREditor/TransformGizmo/SM_Sequencer_Node.uasset" 336
"../../../Engine/Content/VREditor/TransformGizmo/SM_Sequencer_Node.uexp" 337
"../../../Engine/Plugins/2D/Paper2D/Content/PlaceholderTextures/DummySpriteTexture.uasset" 338
"../../../Engine/Plugins/2D/Paper2D/Content/PlaceholderTextures/DummySpriteTexture.uexp" 339
"../../../Engine/Plugins/2D/Paper2D/Content/PlaceholderTextures/DummySpriteTexture.ubulk" 340
"../../../Engine/Plugins/2D/Paper2D/Content/DummySprite.uasset" 341
"../../../Engine/Plugins/2D/Paper2D/Content/DummySprite.uexp" 342
"../../../Engine/Plugins/2D/Paper2D/Content/DefaultPaperTerrainMaterial.uasset" 343
"../../../Engine/Plugins/2D/Paper2D/Content/DefaultPaperTerrainMaterial.uexp" 344
"../../../Engine/Plugins/2D/Paper2D/Content/DefaultSpriteMaterial.uasset" 345
"../../../Engine/Plugins/2D/Paper2D/Content/DefaultSpriteMaterial.uexp" 346
"../../../Engine/Plugins/2D/Paper2D/Content/MaskedUnlitSpriteMaterial.uasset" 347
"../../../Engine/Plugins/2D/Paper2D/Content/MaskedUnlitSpriteMaterial.uexp" 348
"../../../Engine/Plugins/2D/Paper2D/Content/OpaqueUnlitSpriteMaterial.uasset" 349
"../../../Engine/Plugins/2D/Paper2D/Content/OpaqueUnlitSpriteMaterial.uexp" 350
"../../../Engine/Content/Functions/Engine_MaterialFunctions02/Utility/BreakOutFloat3Components.uasset" 351
"../../../Engine/Content/Functions/Engine_MaterialFunctions02/Utility/BreakOutFloat3Components.uexp" 352
"../../../Engine/Plugins/Editor/SpeedTreeImporter/Content/SpeedTree9/UnpackInteger3.uasset" 353
"../../../Engine/Plugins/Editor/SpeedTreeImporter/Content/SpeedTree9/UnpackInteger3.uexp" 354
"../../../Engine/Plugins/Editor/SpeedTreeImporter/Content/SpeedTree9/UnpackDirection.uasset" 355
"../../../Engine/Plugins/Editor/SpeedTreeImporter/Content/SpeedTree9/UnpackDirection.uexp" 356
"../../../Engine/Plugins/Editor/SpeedTreeImporter/Content/SpeedTree9/game_wind_noise.uasset" 357
"../../../Engine/Plugins/Editor/SpeedTreeImporter/Content/SpeedTree9/game_wind_noise.uexp" 358
"../../../Engine/Plugins/Editor/SpeedTreeImporter/Content/SpeedTree9/game_wind_noise.ubulk" 359
"../../../Engine/Content/Functions/Engine_MaterialFunctions02/SafeNormalize.uasset" 360
"../../../Engine/Content/Functions/Engine_MaterialFunctions02/SafeNormalize.uexp" 361
"../../../Engine/Plugins/Editor/SpeedTreeImporter/Content/SpeedTree9/SpeedTreeWindMotion.uasset" 362
"../../../Engine/Plugins/Editor/SpeedTreeImporter/Content/SpeedTree9/SpeedTreeWindMotion.uexp" 363
"../../../Engine/Plugins/Editor/SpeedTreeImporter/Content/SpeedTree9/SpeedTreeBranchMotion.uasset" 364
"../../../Engine/Plugins/Editor/SpeedTreeImporter/Content/SpeedTree9/SpeedTreeBranchMotion.uexp" 365
"../../../Engine/Content/Functions/Engine_MaterialFunctions02/ObjectLocalBounds.uasset" 366
"../../../Engine/Content/Functions/Engine_MaterialFunctions02/ObjectLocalBounds.uexp" 367
"../../../Engine/Content/Functions/Engine_MaterialFunctions02/UVs/BoundingBoxBased_0-1_UVW.uasset" 368
"../../../Engine/Content/Functions/Engine_MaterialFunctions02/UVs/BoundingBoxBased_0-1_UVW.uexp" 369
"../../../Engine/Content/Functions/Engine_MaterialFunctions02/Utility/VectorLength.uasset" 370
"../../../Engine/Content/Functions/Engine_MaterialFunctions02/Utility/VectorLength.uexp" 371
"../../../Engine/Content/Functions/Engine_MaterialFunctions02/WorldPositionOffset/ObjectScale.uasset" 372
"../../../Engine/Content/Functions/Engine_MaterialFunctions02/WorldPositionOffset/ObjectScale.uexp" 373
"../../../Engine/Plugins/Editor/SpeedTreeImporter/Content/SpeedTree9/SpeedTreeWind.uasset" 374
"../../../Engine/Plugins/Editor/SpeedTreeImporter/Content/SpeedTree9/SpeedTreeWind.uexp" 375
"../../../Engine/Plugins/Editor/SpeedTreeImporter/Content/SpeedTree9/SpeedTreeBillboard.uasset" 376
"../../../Engine/Plugins/Editor/SpeedTreeImporter/Content/SpeedTree9/SpeedTreeBillboard.uexp" 377
"../../../Engine/Plugins/Editor/SpeedTreeImporter/Content/SpeedTree9/EmptyNormal.uasset" 378
"../../../Engine/Plugins/Editor/SpeedTreeImporter/Content/SpeedTree9/EmptyNormal.uexp" 379
"../../../Engine/Plugins/Editor/SpeedTreeImporter/Content/SpeedTree9/Empty.uasset" 380
"../../../Engine/Plugins/Editor/SpeedTreeImporter/Content/SpeedTree9/Empty.uexp" 381
"../../../Engine/Plugins/Editor/SpeedTreeImporter/Content/SpeedTree9/SpeedTreeBillboardMaster.uasset" 382
"../../../Engine/Plugins/Editor/SpeedTreeImporter/Content/SpeedTree9/SpeedTreeBillboardMaster.uexp" 383
"../../../Engine/Plugins/Editor/SpeedTreeImporter/Content/SpeedTree9/SpeedTreeCameraFacing.uasset" 384
"../../../Engine/Plugins/Editor/SpeedTreeImporter/Content/SpeedTree9/SpeedTreeCameraFacing.uexp" 385
"../../../Engine/Plugins/Editor/SpeedTreeImporter/Content/SpeedTree9/SpeedTreeMaster.uasset" 386
"../../../Engine/Plugins/Editor/SpeedTreeImporter/Content/SpeedTree9/SpeedTreeMaster.uexp" 387
"../../../Engine/Content/BasicShapes/Cylinder.uasset" 388
"../../../Engine/Content/BasicShapes/Cylinder.uexp" 389
"../../../Engine/Content/ArtTools/RenderToTexture/Materials/Debug/M_Emissive_Color.uasset" 390
"../../../Engine/Content/ArtTools/RenderToTexture/Materials/Debug/M_Emissive_Color.uexp" 391
"../../../Engine/Plugins/Lumin/MagicLeapPassableWorld/Content/MagicLeapARPinInfoActor.uasset" 392
"../../../Engine/Plugins/Lumin/MagicLeapPassableWorld/Content/MagicLeapARPinInfoActor.uexp" 393
"../../../Engine/Plugins/Runtime/OpenXR/Content/Devices/GoogleDaydream/MRTexture.uasset" 394
"../../../Engine/Plugins/Runtime/OpenXR/Content/Devices/GoogleDaydream/MRTexture.uexp" 395
"../../../Engine/Plugins/Runtime/OpenXR/Content/Devices/GoogleDaydream/MRTexture.ubulk" 396
"../../../Engine/Plugins/Runtime/OpenXR/Content/Devices/GoogleDaydream/BaseTexture.uasset" 397
"../../../Engine/Plugins/Runtime/OpenXR/Content/Devices/GoogleDaydream/BaseTexture.uexp" 398
"../../../Engine/Plugins/Runtime/OpenXR/Content/Devices/GoogleDaydream/BaseTexture.ubulk" 399
"../../../Engine/Content/EngineResources/Black.uasset" 400
"../../../Engine/Content/EngineResources/Black.uexp" 401
"../../../Engine/Plugins/Runtime/OpenXR/Content/Devices/M_XRController.uasset" 402
"../../../Engine/Plugins/Runtime/OpenXR/Content/Devices/M_XRController.uexp" 403
"../../../Engine/Plugins/Runtime/OpenXR/Content/Devices/GoogleDaydream/MI_GoogleDaydream.uasset" 404
"../../../Engine/Plugins/Runtime/OpenXR/Content/Devices/GoogleDaydream/MI_GoogleDaydream.uexp" 405
"../../../Engine/Plugins/Runtime/OpenXR/Content/Devices/GoogleDaydream/GoogleDaydreamController.uasset" 406
"../../../Engine/Plugins/Runtime/OpenXR/Content/Devices/GoogleDaydream/GoogleDaydreamController.uexp" 407
"../../../Engine/Plugins/Runtime/OpenXR/Content/Devices/HTCVive/BaseTexture.uasset" 408
"../../../Engine/Plugins/Runtime/OpenXR/Content/Devices/HTCVive/BaseTexture.uexp" 409
"../../../Engine/Plugins/Runtime/OpenXR/Content/Devices/HTCVive/BaseTexture.ubulk" 410
"../../../Engine/Plugins/Runtime/OpenXR/Content/Devices/HTCVive/MI_HTCVive.uasset" 411
"../../../Engine/Plugins/Runtime/OpenXR/Content/Devices/HTCVive/MI_HTCVive.uexp" 412
"../../../Engine/Plugins/Runtime/OpenXR/Content/Devices/HTCVive/HTCViveController.uasset" 413
"../../../Engine/Plugins/Runtime/OpenXR/Content/Devices/HTCVive/HTCViveController.uexp" 414
"../../../Engine/Plugins/Runtime/OpenXR/Content/Devices/MicrosoftMixedReality/NormalTexture.uasset" 415
"../../../Engine/Plugins/Runtime/OpenXR/Content/Devices/MicrosoftMixedReality/NormalTexture.uexp" 416
"../../../Engine/Plugins/Runtime/OpenXR/Content/Devices/MicrosoftMixedReality/NormalTexture.ubulk" 417
"../../../Engine/Plugins/Runtime/OpenXR/Content/Devices/MicrosoftMixedReality/MRTexture.uasset" 418
"../../../Engine/Plugins/Runtime/OpenXR/Content/Devices/MicrosoftMixedReality/MRTexture.uexp" 419
"../../../Engine/Plugins/Runtime/OpenXR/Content/Devices/MicrosoftMixedReality/MRTexture.ubulk" 420
"../../../Engine/Plugins/Runtime/OpenXR/Content/Devices/MicrosoftMixedReality/EmissiveTexture.uasset" 421
"../../../Engine/Plugins/Runtime/OpenXR/Content/Devices/MicrosoftMixedReality/EmissiveTexture.uexp" 422
"../../../Engine/Plugins/Runtime/OpenXR/Content/Devices/MicrosoftMixedReality/EmissiveTexture.ubulk" 423
"../../../Engine/Plugins/Runtime/OpenXR/Content/Devices/MicrosoftMixedReality/BaseTexture.uasset" 424
"../../../Engine/Plugins/Runtime/OpenXR/Content/Devices/MicrosoftMixedReality/BaseTexture.uexp" 425
"../../../Engine/Plugins/Runtime/OpenXR/Content/Devices/MicrosoftMixedReality/BaseTexture.ubulk" 426
"../../../Engine/Plugins/Runtime/OpenXR/Content/Devices/MicrosoftMixedReality/MI_MicrosoftMixedReality.uasset" 427
"../../../Engine/Plugins/Runtime/OpenXR/Content/Devices/MicrosoftMixedReality/MI_MicrosoftMixedReality.uexp" 428
"../../../Engine/Plugins/Runtime/OpenXR/Content/Devices/MicrosoftMixedReality/Left/left_MicrosoftMixedRealityController.uasset" 429
"../../../Engine/Plugins/Runtime/OpenXR/Content/Devices/MicrosoftMixedReality/Left/left_MicrosoftMixedRealityController.uexp" 430
"../../../Engine/Plugins/Runtime/OpenXR/Content/Devices/MicrosoftMixedReality/Right/right_MicrosoftMixedRealityController.uasset" 431
"../../../Engine/Plugins/Runtime/OpenXR/Content/Devices/MicrosoftMixedReality/Right/right_MicrosoftMixedRealityController.uexp" 432
"../../../Engine/Plugins/Runtime/OpenXR/Content/Devices/OculusGo/BaseTexture.uasset" 433
"../../../Engine/Plugins/Runtime/OpenXR/Content/Devices/OculusGo/BaseTexture.uexp" 434
"../../../Engine/Plugins/Runtime/OpenXR/Content/Devices/OculusGo/BaseTexture.ubulk" 435
"../../../Engine/Plugins/Runtime/OpenXR/Content/Devices/OculusGo/MI_OculusGo.uasset" 436
"../../../Engine/Plugins/Runtime/OpenXR/Content/Devices/OculusGo/MI_OculusGo.uexp" 437
"../../../Engine/Plugins/Runtime/OpenXR/Content/Devices/OculusGo/OculusGoController.uasset" 438
"../../../Engine/Plugins/Runtime/OpenXR/Content/Devices/OculusGo/OculusGoController.uexp" 439
"../../../Engine/Plugins/Runtime/OpenXR/Content/Devices/OculusTouch/MRTexture.uasset" 440
"../../../Engine/Plugins/Runtime/OpenXR/Content/Devices/OculusTouch/MRTexture.uexp" 441
"../../../Engine/Plugins/Runtime/OpenXR/Content/Devices/OculusTouch/MRTexture.ubulk" 442
"../../../Engine/Plugins/Runtime/OpenXR/Content/Devices/OculusTouch/BaseTexture.uasset" 443
"../../../Engine/Plugins/Runtime/OpenXR/Content/Devices/OculusTouch/BaseTexture.uexp" 444
"../../../Engine/Plugins/Runtime/OpenXR/Content/Devices/OculusTouch/BaseTexture.ubulk" 445
"../../../Engine/Plugins/Runtime/OpenXR/Content/Devices/OculusTouch/MI_OculusTouch.uasset" 446
"../../../Engine/Plugins/Runtime/OpenXR/Content/Devices/OculusTouch/MI_OculusTouch.uexp" 447
"../../../Engine/Plugins/Runtime/OpenXR/Content/Devices/OculusTouch/Left/left_OculusTouchController.uasset" 448
"../../../Engine/Plugins/Runtime/OpenXR/Content/Devices/OculusTouch/Left/left_OculusTouchController.uexp" 449
"../../../Engine/Plugins/Runtime/OpenXR/Content/Devices/OculusTouch/Right/right_OculusTouchController.uasset" 450
"../../../Engine/Plugins/Runtime/OpenXR/Content/Devices/OculusTouch/Right/right_OculusTouchController.uexp" 451
"../../../Engine/Plugins/Runtime/OpenXR/Content/Devices/OculusTouch_v2/MRTexture.uasset" 452
"../../../Engine/Plugins/Runtime/OpenXR/Content/Devices/OculusTouch_v2/MRTexture.uexp" 453
"../../../Engine/Plugins/Runtime/OpenXR/Content/Devices/OculusTouch_v2/MRTexture.ubulk" 454
"../../../Engine/Plugins/Runtime/OpenXR/Content/Devices/OculusTouch_v2/BaseTexture.uasset" 455
"../../../Engine/Plugins/Runtime/OpenXR/Content/Devices/OculusTouch_v2/BaseTexture.uexp" 456
"../../../Engine/Plugins/Runtime/OpenXR/Content/Devices/OculusTouch_v2/BaseTexture.ubulk" 457
"../../../Engine/Plugins/Runtime/OpenXR/Content/Devices/OculusTouch_v2/MI_OculusTouch_v2.uasset" 458
"../../../Engine/Plugins/Runtime/OpenXR/Content/Devices/OculusTouch_v2/MI_OculusTouch_v2.uexp" 459
"../../../Engine/Plugins/Runtime/OpenXR/Content/Devices/OculusTouch_v2/Left/left_OculusTouch_v2Controller.uasset" 460
"../../../Engine/Plugins/Runtime/OpenXR/Content/Devices/OculusTouch_v2/Left/left_OculusTouch_v2Controller.uexp" 461
"../../../Engine/Plugins/Runtime/OpenXR/Content/Devices/OculusTouch_v2/Right/right_OculusTouch_v2Controller.uasset" 462
"../../../Engine/Plugins/Runtime/OpenXR/Content/Devices/OculusTouch_v2/Right/right_OculusTouch_v2Controller.uexp" 463
"../../../Engine/Plugins/Runtime/OpenXR/Content/Devices/OculusTouch_v3/MRTexture.uasset" 464
"../../../Engine/Plugins/Runtime/OpenXR/Content/Devices/OculusTouch_v3/MRTexture.uexp" 465
"../../../Engine/Plugins/Runtime/OpenXR/Content/Devices/OculusTouch_v3/MRTexture.ubulk" 466
"../../../Engine/Plugins/Runtime/OpenXR/Content/Devices/OculusTouch_v3/BaseTexture.uasset" 467
"../../../Engine/Plugins/Runtime/OpenXR/Content/Devices/OculusTouch_v3/BaseTexture.uexp" 468
"../../../Engine/Plugins/Runtime/OpenXR/Content/Devices/OculusTouch_v3/BaseTexture.ubulk" 469
"../../../Engine/Plugins/Runtime/OpenXR/Content/Devices/OculusTouch_v3/MI_OculusTouch_v3.uasset" 470
"../../../Engine/Plugins/Runtime/OpenXR/Content/Devices/OculusTouch_v3/MI_OculusTouch_v3.uexp" 471
"../../../Engine/Plugins/Runtime/OpenXR/Content/Devices/OculusTouch_v3/Left/left_OculusTouch_v3Controller.uasset" 472
"../../../Engine/Plugins/Runtime/OpenXR/Content/Devices/OculusTouch_v3/Left/left_OculusTouch_v3Controller.uexp" 473
"../../../Engine/Plugins/Runtime/OpenXR/Content/Devices/OculusTouch_v3/Right/right_OculusTouch_v3Controller.uasset" 474
"../../../Engine/Plugins/Runtime/OpenXR/Content/Devices/OculusTouch_v3/Right/right_OculusTouch_v3Controller.uexp" 475
"../../../Engine/Plugins/Runtime/OpenXR/Content/Devices/ValveIndex/MRTexture.uasset" 476
"../../../Engine/Plugins/Runtime/OpenXR/Content/Devices/ValveIndex/MRTexture.uexp" 477
"../../../Engine/Plugins/Runtime/OpenXR/Content/Devices/ValveIndex/MRTexture.ubulk" 478
"../../../Engine/Plugins/Runtime/OpenXR/Content/Devices/ValveIndex/BaseTexture.uasset" 479
"../../../Engine/Plugins/Runtime/OpenXR/Content/Devices/ValveIndex/BaseTexture.uexp" 480
"../../../Engine/Plugins/Runtime/OpenXR/Content/Devices/ValveIndex/BaseTexture.ubulk" 481
"../../../Engine/Plugins/Runtime/OpenXR/Content/Devices/ValveIndex/Left/MI_left_ValveIndex.uasset" 482
"../../../Engine/Plugins/Runtime/OpenXR/Content/Devices/ValveIndex/Left/MI_left_ValveIndex.uexp" 483
"../../../Engine/Plugins/Runtime/OpenXR/Content/Devices/ValveIndex/Left/left_ValveIndexController.uasset" 484
"../../../Engine/Plugins/Runtime/OpenXR/Content/Devices/ValveIndex/Left/left_ValveIndexController.uexp" 485
"../../../Engine/Plugins/Runtime/OpenXR/Content/Devices/ValveIndex/Right/MI_right_ValveIndex.uasset" 486
"../../../Engine/Plugins/Runtime/OpenXR/Content/Devices/ValveIndex/Right/MI_right_ValveIndex.uexp" 487
"../../../Engine/Plugins/Runtime/OpenXR/Content/Devices/ValveIndex/Right/right_ValveIndexController.uasset" 488
"../../../Engine/Plugins/Runtime/OpenXR/Content/Devices/ValveIndex/Right/right_ValveIndexController.uexp" 489
"../../../Engine/Content/Functions/Engine_MaterialFunctions02/Utility/BreakOutFloat4Components.uasset" 490
"../../../Engine/Content/Functions/Engine_MaterialFunctions02/Utility/BreakOutFloat4Components.uexp" 491
"../../../Engine/Content/Functions/Engine_MaterialFunctions02/Utility/MakeFloat3.uasset" 492
"../../../Engine/Content/Functions/Engine_MaterialFunctions02/Utility/MakeFloat3.uexp" 493
"../../../Engine/Plugins/Runtime/Oculus/OculusVR/Content/Materials/OculusMR_ChromaKey.uasset" 494
"../../../Engine/Plugins/Runtime/Oculus/OculusVR/Content/Materials/OculusMR_ChromaKey.uexp" 495
"../../../Engine/Plugins/Runtime/Oculus/OculusVR/Content/Materials/OculusMR_OpaqueColoredMaterial.uasset" 496
"../../../Engine/Plugins/Runtime/Oculus/OculusVR/Content/Materials/OculusMR_OpaqueColoredMaterial.uexp" 497
"../../../Engine/Plugins/Runtime/Oculus/OculusVR/Content/Materials/PokeAHoleMaterial.uasset" 498
"../../../Engine/Plugins/Runtime/Oculus/OculusVR/Content/Materials/PokeAHoleMaterial.uexp" 499
"../../../Engine/Plugins/Runtime/Oculus/OculusVR/Content/Textures/touchController_controlmap.uasset" 500
"../../../Engine/Plugins/Runtime/Oculus/OculusVR/Content/Textures/touchController_controlmap.uexp" 501
"../../../Engine/Plugins/Runtime/Oculus/OculusVR/Content/Textures/touchController_controlmap.ubulk" 502
"../../../Engine/Plugins/Runtime/Oculus/OculusVR/Content/Textures/touchController_albedo.uasset" 503
"../../../Engine/Plugins/Runtime/Oculus/OculusVR/Content/Textures/touchController_albedo.uexp" 504
"../../../Engine/Plugins/Runtime/Oculus/OculusVR/Content/Textures/touchController_albedo.ubulk" 505
"../../../Engine/Plugins/Runtime/Oculus/OculusVR/Content/Materials/touchController_mat.uasset" 506
"../../../Engine/Plugins/Runtime/Oculus/OculusVR/Content/Materials/touchController_mat.uexp" 507
"../../../Engine/Plugins/Runtime/Oculus/OculusVR/Content/Meshes/LeftTouchController.uasset" 508
"../../../Engine/Plugins/Runtime/Oculus/OculusVR/Content/Meshes/LeftTouchController.uexp" 509
"../../../Engine/Plugins/Runtime/Oculus/OculusVR/Content/Textures/TouchForQuestRiftSController_albedo.uasset" 510
"../../../Engine/Plugins/Runtime/Oculus/OculusVR/Content/Textures/TouchForQuestRiftSController_albedo.uexp" 511
"../../../Engine/Plugins/Runtime/Oculus/OculusVR/Content/Textures/TouchForQuestRiftSController_albedo.ubulk" 512
"../../../Engine/Plugins/Runtime/Oculus/OculusVR/Content/Materials/TouchForQuestRiftSControllerMaterial.uasset" 513
"../../../Engine/Plugins/Runtime/Oculus/OculusVR/Content/Materials/TouchForQuestRiftSControllerMaterial.uexp" 514
"../../../Engine/Plugins/Runtime/Oculus/OculusVR/Content/Meshes/LeftTouchForQuestRiftSController.uasset" 515
"../../../Engine/Plugins/Runtime/Oculus/OculusVR/Content/Meshes/LeftTouchForQuestRiftSController.uexp" 516
"../../../Engine/Plugins/Runtime/Oculus/OculusVR/Content/Meshes/RiftHMD.uasset" 517
"../../../Engine/Plugins/Runtime/Oculus/OculusVR/Content/Meshes/RiftHMD.uexp" 518
"../../../Engine/Plugins/Runtime/Oculus/OculusVR/Content/Meshes/RightTouchController.uasset" 519
"../../../Engine/Plugins/Runtime/Oculus/OculusVR/Content/Meshes/RightTouchController.uexp" 520
"../../../Engine/Plugins/Runtime/Oculus/OculusVR/Content/Meshes/RightTouchForQuestRiftSController.uasset" 521
"../../../Engine/Plugins/Runtime/Oculus/OculusVR/Content/Meshes/RightTouchForQuestRiftSController.uexp" 522
"../../../Engine/Content/MapTemplates/SM_Template_Map_Floor.uasset" 523
"../../../Engine/Content/MapTemplates/SM_Template_Map_Floor.uexp" 524
"../../../Engine/Content/EngineSky/T_Sky_Stars.uasset" 525
"../../../Engine/Content/EngineSky/T_Sky_Stars.uexp" 526
"../../../Engine/Content/EngineSky/T_Sky_Stars.ubulk" 527
"../../../Engine/Content/EngineSky/T_Sky_Clouds_M.uasset" 528
"../../../Engine/Content/EngineSky/T_Sky_Clouds_M.uexp" 529
"../../../Engine/Content/EngineSky/T_Sky_Clouds_M.ubulk" 530
"../../../Engine/Content/EngineSky/T_Sky_Blue.uasset" 531
"../../../Engine/Content/EngineSky/T_Sky_Blue.uexp" 532
"../../../Engine/Content/EngineSky/T_Sky_Blue.ubulk" 533
"../../../Engine/Content/EngineResources/GrayDarkTextureCube.uasset" 534
"../../../Engine/Content/EngineResources/GrayDarkTextureCube.uexp" 535
"../../../Engine/Content/EngineSky/M_Sky_Panning_Clouds2.uasset" 536
"../../../Engine/Content/EngineSky/M_Sky_Panning_Clouds2.uexp" 537
"../../../Engine/Content/EngineSky/SM_SkySphere.uasset" 538
"../../../Engine/Content/EngineSky/SM_SkySphere.uexp" 539
"../../../Engine/Content/EngineSky/C_Sky_Zenith_Color.uasset" 540
"../../../Engine/Content/EngineSky/C_Sky_Zenith_Color.uexp" 541
"../../../Engine/Content/EngineSky/C_Sky_Horizon_Color.uasset" 542
"../../../Engine/Content/EngineSky/C_Sky_Horizon_Color.uexp" 543
"../../../Engine/Content/EngineSky/C_Sky_Cloud_Color.uasset" 544
"../../../Engine/Content/EngineSky/C_Sky_Cloud_Color.uexp" 545
"../../../Engine/Content/EditorBlueprintResources/StandardMacros.uasset" 546
"../../../Engine/Content/EditorBlueprintResources/StandardMacros.uexp" 547
"../../../Engine/Content/EngineSky/BP_Sky_Sphere.uasset" 548
"../../../Engine/Content/EngineSky/BP_Sky_Sphere.uexp" 549
"../../../Engine/Content/BasicShapes/Cube.uasset" 550
"../../../Engine/Content/BasicShapes/Cube.uexp" 551
"D:/Project/UnrealEngine/Arcanoid 4.27/Content/FX/Material/HitMaterial/HitMaterial_075.uasset" 552
"D:/Project/UnrealEngine/Arcanoid 4.27/Content/FX/Material/HitMaterial/HitMaterial_075.uexp" 553
"D:/Project/UnrealEngine/Arcanoid 4.27/Content/FX/Material/HitMaterial/HitMaterial_0255.uasset" 554
"D:/Project/UnrealEngine/Arcanoid 4.27/Content/FX/Material/HitMaterial/HitMaterial_0255.uexp" 555
"D:/Project/UnrealEngine/Arcanoid 4.27/Content/FX/Material/BlockMaterial/BlockMaterial_2.uasset" 556
"D:/Project/UnrealEngine/Arcanoid 4.27/Content/FX/Material/BlockMaterial/BlockMaterial_2.uexp" 557
"D:/Project/UnrealEngine/Arcanoid 4.27/Content/FX/Material/BlockMaterial/BlockMaterial_1.uasset" 558
"D:/Project/UnrealEngine/Arcanoid 4.27/Content/FX/Material/BlockMaterial/BlockMaterial_1.uexp" 559
"../../../Engine/Content/BasicShapes/BasicShapeMaterial.uasset" 560
"../../../Engine/Content/BasicShapes/BasicShapeMaterial.uexp" 561
"D:/Project/UnrealEngine/Arcanoid 4.27/Content/Blueprint/ActorComponent/BP_HealthComponent.uasset" 562
"D:/Project/UnrealEngine/Arcanoid 4.27/Content/Blueprint/ActorComponent/BP_HealthComponent.uexp" 563
"D:/Project/UnrealEngine/Arcanoid 4.27/Content/FX/Sound/Hit.uasset" 564
"D:/Project/UnrealEngine/Arcanoid 4.27/Content/FX/Sound/Hit.uexp" 565
"../../../Engine/Content/BasicShapes/Sphere.uasset" 566
"../../../Engine/Content/BasicShapes/Sphere.uexp" 567
"D:/Project/UnrealEngine/Arcanoid 4.27/Content/FX/Material/BallMaterial.uasset" 568
"D:/Project/UnrealEngine/Arcanoid 4.27/Content/FX/Material/BallMaterial.uexp" 569
"D:/Project/UnrealEngine/Arcanoid 4.27/Content/Blueprint/Player/BP_Ball.uasset" 570
"D:/Project/UnrealEngine/Arcanoid 4.27/Content/Blueprint/Player/BP_Ball.uexp" 571
"D:/Project/UnrealEngine/Arcanoid 4.27/Content/Blueprint/Bonus/Material/M_Love.uasset" 572
"D:/Project/UnrealEngine/Arcanoid 4.27/Content/Blueprint/Bonus/Material/M_Love.uexp" 573
"D:/Project/UnrealEngine/Arcanoid 4.27/Content/Blueprint/Bonus/Mesh/SM_Love.uasset" 574
"D:/Project/UnrealEngine/Arcanoid 4.27/Content/Blueprint/Bonus/Mesh/SM_Love.uexp" 575
"D:/Project/UnrealEngine/Arcanoid 4.27/Content/Blueprint/Bonus/Mesh/SM_Arrow.uasset" 576
"D:/Project/UnrealEngine/Arcanoid 4.27/Content/Blueprint/Bonus/Mesh/SM_Arrow.uexp" 577
"../../../Engine/Content/EngineMeshes/Sphere.uasset" 578
"../../../Engine/Content/EngineMeshes/Sphere.uexp" 579
"D:/Project/UnrealEngine/Arcanoid 4.27/Content/FX/Material/BonusMaterial/SpeedMaterial.uasset" 580
"D:/Project/UnrealEngine/Arcanoid 4.27/Content/FX/Material/BonusMaterial/SpeedMaterial.uexp" 581
"D:/Project/UnrealEngine/Arcanoid 4.27/Content/FX/Material/BonusMaterial/ScaleNegMaterial.uasset" 582
"D:/Project/UnrealEngine/Arcanoid 4.27/Content/FX/Material/BonusMaterial/ScaleNegMaterial.uexp" 583
"D:/Project/UnrealEngine/Arcanoid 4.27/Content/FX/Material/BonusMaterial/LifeMaterial.uasset" 584
"D:/Project/UnrealEngine/Arcanoid 4.27/Content/FX/Material/BonusMaterial/LifeMaterial.uexp" 585
"D:/Project/UnrealEngine/Arcanoid 4.27/Content/FX/Material/BonusMaterial/BallMaterial.uasset" 586
"D:/Project/UnrealEngine/Arcanoid 4.27/Content/FX/Material/BonusMaterial/BallMaterial.uexp" 587
"D:/Project/UnrealEngine/Arcanoid 4.27/Content/FX/Material/PlayerMaterial.uasset" 588
"D:/Project/UnrealEngine/Arcanoid 4.27/Content/FX/Material/PlayerMaterial.uexp" 589
"D:/Project/UnrealEngine/Arcanoid 4.27/Content/Blueprint/Bonus/BP_Bonus.uasset" 590
"D:/Project/UnrealEngine/Arcanoid 4.27/Content/Blueprint/Bonus/BP_Bonus.uexp" 591
"D:/Project/UnrealEngine/Arcanoid 4.27/Content/Blueprint/Player/BP_Pawn.uasset" 592
"D:/Project/UnrealEngine/Arcanoid 4.27/Content/Blueprint/Player/BP_Pawn.uexp" 593
"D:/Project/UnrealEngine/Arcanoid 4.27/Content/Widget/Font/BLADRMF_.uasset" 594
"D:/Project/UnrealEngine/Arcanoid 4.27/Content/Widget/Font/BLADRMF_.uexp" 595
"D:/Project/UnrealEngine/Arcanoid 4.27/Content/Widget/Font/BLADRMF_.ufont" 596
"D:/Project/UnrealEngine/Arcanoid 4.27/Content/Widget/Font/BLADRMF__Font.uasset" 597
"D:/Project/UnrealEngine/Arcanoid 4.27/Content/Widget/Font/BLADRMF__Font.uexp" 598
"D:/Project/UnrealEngine/Arcanoid 4.27/Content/Widget/BPW_Instruction.uasset" 599
"D:/Project/UnrealEngine/Arcanoid 4.27/Content/Widget/BPW_Instruction.uexp" 600
"D:/Project/UnrealEngine/Arcanoid 4.27/Content/Blueprint/Game/BP_SaveGame.uasset" 601
"D:/Project/UnrealEngine/Arcanoid 4.27/Content/Blueprint/Game/BP_SaveGame.uexp" 602
"D:/Project/UnrealEngine/Arcanoid 4.27/Content/Blueprint/Game/BP_GameState.uasset" 603
"D:/Project/UnrealEngine/Arcanoid 4.27/Content/Blueprint/Game/BP_GameState.uexp" 604
"D:/Project/UnrealEngine/Arcanoid 4.27/Content/Widget/BPW_StartGame.uasset" 605
"D:/Project/UnrealEngine/Arcanoid 4.27/Content/Widget/BPW_StartGame.uexp" 606
"D:/Project/UnrealEngine/Arcanoid 4.27/Content/Widget/Icon/heart-beats__1_.uasset" 607
"D:/Project/UnrealEngine/Arcanoid 4.27/Content/Widget/Icon/heart-beats__1_.uexp" 608
"D:/Project/UnrealEngine/Arcanoid 4.27/Content/Widget/BPW_StatsWidget.uasset" 609
"D:/Project/UnrealEngine/Arcanoid 4.27/Content/Widget/BPW_StatsWidget.uexp" 610
"D:/Project/UnrealEngine/Arcanoid 4.27/Content/Widget/BPW_EndGame.uasset" 611
"D:/Project/UnrealEngine/Arcanoid 4.27/Content/Widget/BPW_EndGame.uexp" 612
"D:/Project/UnrealEngine/Arcanoid 4.27/Content/Widget/BPW_InGameWidget.uasset" 613
"D:/Project/UnrealEngine/Arcanoid 4.27/Content/Widget/BPW_InGameWidget.uexp" 614
"D:/Project/UnrealEngine/Arcanoid 4.27/Content/Blueprint/Game/BP_PlayerController.uasset" 615
"D:/Project/UnrealEngine/Arcanoid 4.27/Content/Blueprint/Game/BP_PlayerController.uexp" 616
"D:/Project/UnrealEngine/Arcanoid 4.27/Content/Blueprint/Game/BP_GameMode.uasset" 617
"D:/Project/UnrealEngine/Arcanoid 4.27/Content/Blueprint/Game/BP_GameMode.uexp" 618
"D:/Project/UnrealEngine/Arcanoid 4.27/Content/Blueprint/ActorComponent/BP_KillScoreComponent.uasset" 619
"D:/Project/UnrealEngine/Arcanoid 4.27/Content/Blueprint/ActorComponent/BP_KillScoreComponent.uexp" 620
"D:/Project/UnrealEngine/Arcanoid 4.27/Content/Blueprint/Blocks/BP_Block.uasset" 621
"D:/Project/UnrealEngine/Arcanoid 4.27/Content/Blueprint/Blocks/BP_Block.uexp" 622
"D:/Project/UnrealEngine/Arcanoid 4.27/Content/Blueprint/Blocks/BP_Blocks.uasset" 623
"D:/Project/UnrealEngine/Arcanoid 4.27/Content/Blueprint/Blocks/BP_Blocks.uexp" 624
"D:/Project/UnrealEngine/Arcanoid 4.27/Content/Map/GameplayLevel_BuiltData.uasset" 625
"D:/Project/UnrealEngine/Arcanoid 4.27/Content/Map/GameplayLevel_BuiltData.uexp" 626
"D:/Project/UnrealEngine/Arcanoid 4.27/Content/Map/GameplayLevel_BuiltData.ubulk" 627
"D:/Project/UnrealEngine/Arcanoid 4.27/Content/FX/Sound/music_background.uasset" 628
"D:/Project/UnrealEngine/Arcanoid 4.27/Content/FX/Sound/music_background.uexp" 629
"D:/Project/UnrealEngine/Arcanoid 4.27/Content/FX/Material/WallMaterial.uasset" 630
"D:/Project/UnrealEngine/Arcanoid 4.27/Content/FX/Material/WallMaterial.uexp" 631
"D:/Project/UnrealEngine/Arcanoid 4.27/Content/FX/Material/FloorMaterial.uasset" 632
"D:/Project/UnrealEngine/Arcanoid 4.27/Content/FX/Material/FloorMaterial.uexp" 633
"D:/Project/UnrealEngine/Arcanoid 4.27/Content/Map/GameplayLevel.uexp" 634
"D:/Project/UnrealEngine/Arcanoid 4.27/Content/Map/GameplayLevel.umap" 635
